<?xml version="1.0" encoding="UTF-8"?>
<!-- Generated by org.testng.reporters.JUnitReportReporter -->
<testsuite hostname="Bye-Bye" failures="0" tests="1" name="DifferentWaysTaPostRequest.PostRequestUsingHashMap" time="3.040" errors="0" timestamp="2024-05-03T10:38:24 IST" skipped="0">
  <testcase classname="DifferentWaysTaPostRequest.PostRequestUsingHashMap" name="createProject" time="3.040"/>
  <system-out/>
</testsuite> <!-- DifferentWaysTaPostRequest.PostRequestUsingHashMap -->
