<?xml version="1.0" encoding="UTF-8"?>
<!-- Generated by org.testng.reporters.JUnitReportReporter -->
<testsuite hostname="Bye-Bye" failures="0" tests="2" name="CrudWithoutBdd.CRUD" time="3.733" errors="0" timestamp="2024-05-01T14:27:07 IST" skipped="1">
  <testcase classname="CrudWithoutBdd.CRUD" name="createProject" time="3.733"/>
  <system-out/>
  <testcase classname="CrudWithoutBdd.CRUD" name="getAllProjects">
    <skipped/>
  </testcase> <!-- getAllProjects -->
  <system-out/>
</testsuite> <!-- CrudWithoutBdd.CRUD -->
