<?xml version="1.0" encoding="UTF-8"?>
<!-- Generated by org.testng.reporters.JUnitReportReporter -->
<testsuite hostname="Bye-Bye" failures="0" tests="1" name="Validation.ValidateResponseBody" time="2.648" errors="0" timestamp="2024-05-10T11:17:37 IST" skipped="0">
  <testcase classname="Validation.ValidateResponseBody" name="VlaidateResponseIsArrayOfObject" time="2.648"/>
  <system-out/>
</testsuite> <!-- Validation.ValidateResponseBody -->
