<?xml version="1.0" encoding="UTF-8"?>
<!-- Generated by org.testng.reporters.JUnitReportReporter -->
<testsuite hostname="Bye-Bye" failures="0" tests="1" name="Validation.RmgDynamicValidation" time="4.732" errors="0" timestamp="2024-05-03T15:40:52 IST" skipped="0">
  <testcase classname="Validation.RmgDynamicValidation" name="rmgValidation" time="4.732"/>
  <system-out/>
</testsuite> <!-- Validation.RmgDynamicValidation -->
