<?xml version="1.0" encoding="UTF-8"?>
<!-- Generated by org.testng.reporters.JUnitReportReporter -->
<testsuite hostname="Bye-Bye" failures="0" tests="1" name="Validation.JsonSchema" time="4.715" errors="0" timestamp="2024-05-07T16:36:35 IST" skipped="0">
  <testcase classname="Validation.JsonSchema" name="validateSchema" time="4.715"/>
  <system-out/>
</testsuite> <!-- Validation.JsonSchema -->
