<?xml version="1.0" encoding="UTF-8"?>
<!-- Generated by org.testng.reporters.JUnitReportReporter -->
<testsuite hostname="Bye-Bye" failures="0" tests="3" name="Validation.DataProviders" time="3.975" errors="0" timestamp="2024-05-06T10:17:28 IST" skipped="0">
  <testcase classname="Validation.DataProviders" name="ddt" time="0.143"/>
  <system-out/>
  <testcase classname="Validation.DataProviders" name="ddt" time="0.171"/>
  <system-out/>
  <testcase classname="Validation.DataProviders" name="ddt" time="3.661"/>
  <system-out/>
</testsuite> <!-- Validation.DataProviders -->
