<?xml version="1.0" encoding="UTF-8"?>
<!-- Generated by org.testng.reporters.JUnitReportReporter -->
<testsuite hostname="Bye-Bye" failures="0" tests="1" name="DifferentWaysToPostRequest.Parameter" time="3.795" errors="0" timestamp="2024-05-03T16:11:36 IST" skipped="0">
  <testcase classname="DifferentWaysToPostRequest.Parameter" name="queryParameter" time="3.795"/>
  <system-out/>
</testsuite> <!-- DifferentWaysToPostRequest.Parameter -->
