<?xml version="1.0" encoding="UTF-8"?>
<!-- Generated by org.testng.reporters.JUnitReportReporter -->
<testsuite hostname="Bye-Bye" failures="0" tests="4" name="DifferentWaysTaPostRequest.PostRequestUsingJsonFile" time="4.001" errors="0" timestamp="2024-05-03T10:27:33 IST" skipped="0">
  <testcase classname="DifferentWaysTaPostRequest.PostRequestUsingJsonFile" name="createProject" time="3.719"/>
  <system-out/>
  <testcase classname="DifferentWaysTaPostRequest.PostRequestUsingJsonFile" name="getProject" time="0.078"/>
  <system-out/>
  <testcase classname="DifferentWaysTaPostRequest.PostRequestUsingJsonFile" name="updateProject" time="0.115"/>
  <system-out/>
  <testcase classname="DifferentWaysTaPostRequest.PostRequestUsingJsonFile" name="deleteProject" time="0.089"/>
  <system-out/>
</testsuite> <!-- DifferentWaysTaPostRequest.PostRequestUsingJsonFile -->
