<?xml version="1.0" encoding="UTF-8"?>
<!-- Generated by org.testng.reporters.JUnitReportReporter -->
<testsuite hostname="Bye-Bye" failures="0" tests="1" name="Employee.Employee2" time="0.383" errors="0" timestamp="2024-05-07T11:04:17 IST" skipped="0">
  <testcase classname="Employee.Employee2" name="deserialization" time="0.383"/>
  <system-out/>
</testsuite> <!-- Employee.Employee2 -->
