<?xml version="1.0" encoding="UTF-8"?>
<!-- Generated by org.testng.reporters.JUnitReportReporter -->
<testsuite hostname="Bye-Bye" failures="0" tests="1" name="Employee.Employee" time="0.395" errors="0" timestamp="2024-05-07T10:30:11 IST" skipped="0">
  <testcase classname="Employee.Employee" name="deserialization" time="0.395"/>
  <system-out/>
</testsuite> <!-- Employee.Employee -->
