<?xml version="1.0" encoding="UTF-8"?>
<!-- Generated by org.testng.reporters.JUnitReportReporter -->
<testsuite hostname="Bye-Bye" failures="0" tests="1" name="Validation.DynamicResponseValidation" time="5.432" errors="0" timestamp="2024-05-03T13:39:42 IST" skipped="0">
  <testcase classname="Validation.DynamicResponseValidation" name="reqresValidation" time="5.432"/>
  <system-out/>
</testsuite> <!-- Validation.DynamicResponseValidation -->
