<?xml version="1.0" encoding="UTF-8"?>
<!-- Generated by org.testng.reporters.JUnitReportReporter -->
<testsuite hostname="Bye-Bye" failures="0" tests="1" name="DifferentWaysTaPostRequest.PostRequestUsingPojoClass" time="3.014" errors="0" timestamp="2024-05-03T11:25:58 IST" skipped="0">
  <testcase classname="DifferentWaysTaPostRequest.PostRequestUsingPojoClass" name="createProject" time="3.014"/>
  <system-out/>
</testsuite> <!-- DifferentWaysTaPostRequest.PostRequestUsingPojoClass -->
