<?xml version="1.0" encoding="UTF-8"?>
<!-- Generated by org.testng.reporters.JUnitReportReporter -->
<testsuite hostname="Bye-Bye" failures="0" tests="1" name="Validation.DataMasking" time="4.033" errors="0" timestamp="2024-05-10T14:59:19 IST" skipped="0">
  <testcase classname="Validation.DataMasking" name="dataMasking" time="4.033"/>
  <system-out/>
</testsuite> <!-- Validation.DataMasking -->
