<?xml version="1.0" encoding="UTF-8"?>
<!-- Generated by org.testng.reporters.JUnitReportReporter -->
<testsuite hostname="Bye-Bye" failures="0" tests="1" name="DifferentWaysTaPostRequest.ReqresPostHasmap" time="3.722" errors="0" timestamp="2024-05-03T12:24:36 IST" skipped="0">
  <testcase classname="DifferentWaysTaPostRequest.ReqresPostHasmap" name="getListUser" time="3.722"/>
  <system-out/>
</testsuite> <!-- DifferentWaysTaPostRequest.ReqresPostHasmap -->
