<?xml version="1.0" encoding="UTF-8"?>
<!-- Generated by org.testng.reporters.JUnitReportReporter -->
<testsuite hostname="Bye-Bye" failures="0" tests="1" name="CrudWithBdd.CRUD" time="3.819" errors="0" timestamp="2024-05-03T17:18:52 IST" skipped="0">
  <testcase classname="CrudWithBdd.CRUD" name="createProject" time="3.819"/>
  <system-out/>
</testsuite> <!-- CrudWithBdd.CRUD -->
