<?xml version="1.0" encoding="UTF-8"?>
<!-- Generated by org.testng.reporters.JUnitReportReporter -->
<testsuite hostname="Bye-Bye" failures="0" tests="1" name="DifferentWaysToPostRequest.ReqresPostPojoClass" time="3.860" errors="0" timestamp="2024-05-03T12:40:49 IST" skipped="0">
  <testcase classname="DifferentWaysToPostRequest.ReqresPostPojoClass" name="patchUpdate" time="3.860"/>
  <system-out/>
</testsuite> <!-- DifferentWaysToPostRequest.ReqresPostPojoClass -->
