<?xml version="1.0" encoding="UTF-8"?>
<!-- Generated by org.testng.reporters.JUnitReportReporter -->
<testsuite hostname="Bye-Bye" failures="0" tests="1" name="Validation.Cookie" time="4.151" errors="0" timestamp="2024-05-10T13:04:33 IST" skipped="0">
  <testcase classname="Validation.Cookie" name="getAllCokkieValue" time="4.151"/>
  <system-out/>
</testsuite> <!-- Validation.Cookie -->
