<?xml version="1.0" encoding="UTF-8"?>
<!-- Generated by org.testng.reporters.JUnitReportReporter -->
<testsuite hostname="Bye-Bye" failures="0" tests="1" name="CrudWithoutBdd.CrudInReqres" time="3.891" errors="0" timestamp="2024-05-01T13:32:36 IST" skipped="0">
  <testcase classname="CrudWithoutBdd.CrudInReqres" name="updateUserPatch" time="3.891"/>
  <system-out/>
</testsuite> <!-- CrudWithoutBdd.CrudInReqres -->
