<?xml version="1.0" encoding="UTF-8"?>
<!-- Generated by org.testng.reporters.JUnitReportReporter -->
<testsuite hostname="Bye-Bye" failures="0" tests="1" name="CrudWithoutBdd.MyTest" time="0.015" errors="0" timestamp="2024-05-01T14:21:47 IST" skipped="0">
  <testcase classname="CrudWithoutBdd.MyTest" name="test2" time="0.015"/>
  <system-out/>
</testsuite> <!-- CrudWithoutBdd.MyTest -->
