<?xml version="1.0" encoding="UTF-8"?>
<!-- Generated by org.testng.reporters.JUnitReportReporter -->
<testsuite hostname="Bye-Bye" failures="0" tests="1" name="DifferentWaysToPostRequest.ReqresChaining" time="7.655" errors="0" timestamp="2024-05-07T09:39:57 IST" skipped="0">
  <testcase classname="DifferentWaysToPostRequest.ReqresChaining" name="reqres" time="7.655"/>
  <system-out/>
</testsuite> <!-- DifferentWaysToPostRequest.ReqresChaining -->
