<?xml version="1.0" encoding="UTF-8"?>
<!-- Generated by org.testng.reporters.JUnitReportReporter -->
<testsuite hostname="Bye-Bye" failures="0" tests="1" name="Validation.ValidateHeader" time="2.316" errors="0" timestamp="2024-05-10T10:33:48 IST" skipped="0">
  <testcase classname="Validation.ValidateHeader" name="verifyHeader" time="2.316"/>
  <system-out/>
</testsuite> <!-- Validation.ValidateHeader -->
