<?xml version="1.0" encoding="UTF-8"?>
<!-- Generated by org.testng.reporters.JUnitReportReporter -->
<testsuite hostname="Bye-Bye" failures="0" tests="1" name="Employee.Employee3" time="0.658" errors="0" timestamp="2024-05-09T17:35:36 IST" skipped="0">
  <testcase classname="Employee.Employee3" name="deserialization" time="0.658"/>
  <system-out/>
</testsuite> <!-- Employee.Employee3 -->
