<?xml version="1.0" encoding="UTF-8"?>
<!-- Generated by org.testng.reporters.JUnitReportReporter -->
<testsuite hostname="Bye-Bye" failures="0" tests="1" name="Validation.RmgValidation" time="4.609" errors="0" timestamp="2024-05-03T15:46:30 IST" skipped="0">
  <testcase classname="Validation.RmgValidation" name="reqresValidation" time="4.609"/>
  <system-out/>
</testsuite> <!-- Validation.RmgValidation -->
