<?xml version="1.0" encoding="UTF-8"?>
<!-- Generated by org.testng.reporters.JUnitReportReporter -->
<testsuite hostname="Bye-Bye" failures="0" tests="1" name="Validation.RequestSpecAndResponseSpec" time="3.833" errors="0" timestamp="2024-05-07T15:54:12 IST" skipped="0">
  <testcase classname="Validation.RequestSpecAndResponseSpec" name="createUser" time="3.833"/>
  <system-out/>
</testsuite> <!-- Validation.RequestSpecAndResponseSpec -->
