<?xml version="1.0" encoding="UTF-8"?>
<!-- Generated by org.testng.reporters.JUnitReportReporter -->
<testsuite hostname="Bye-Bye" failures="0" tests="4" name="Validation.ResquestChaining" time="4.166" errors="0" timestamp="2024-05-03T17:16:35 IST" skipped="0">
  <testcase classname="Validation.ResquestChaining" name="createProject" time="3.891"/>
  <system-out/>
  <testcase classname="Validation.ResquestChaining" name="getProject" time="0.085"/>
  <system-out/>
  <testcase classname="Validation.ResquestChaining" name="updateProject" time="0.097"/>
  <system-out/>
  <testcase classname="Validation.ResquestChaining" name="deleteProject" time="0.093"/>
  <system-out/>
</testsuite> <!-- Validation.ResquestChaining -->
