<?xml version="1.0" encoding="UTF-8"?>
<!-- Generated by org.testng.reporters.JUnitReportReporter -->
<testsuite hostname="Bye-Bye" failures="0" tests="1" name="Validation.StaticResponseValidation" time="4.085" errors="0" timestamp="2024-05-03T13:30:49 IST" skipped="0">
  <testcase classname="Validation.StaticResponseValidation" name="reqresValidation" time="4.085"/>
  <system-out/>
</testsuite> <!-- Validation.StaticResponseValidation -->
